[ERROR] 2020-12-06 20:48:54,649(680) --> [main] com.rocketmq.remoting.netty.NettyRemotingClient.createChannel(NettyRemotingClient.java:308): createChannel: create channel exception  
java.lang.IllegalStateException: group not set
	at io.netty.bootstrap.AbstractBootstrap.validate(AbstractBootstrap.java:205)
	at io.netty.bootstrap.Bootstrap.validate(Bootstrap.java:271)
	at io.netty.bootstrap.Bootstrap.connect(Bootstrap.java:138)
	at com.rocketmq.remoting.netty.NettyRemotingClient.createChannel(NettyRemotingClient.java:300)
	at com.rocketmq.remoting.netty.NettyRemotingClient.getAndCreateChannel(NettyRemotingClient.java:219)
	at com.rocketmq.remoting.netty.NettyRemotingClient.invokeSync(NettyRemotingClient.java:140)
	at com.rocketmq.broker.out.BrokerOuterAPI.registerBroker(BrokerOuterAPI.java:129)
	at com.rocketmq.broker.out.BrokerOuterAPI.registerBrokerAll(BrokerOuterAPI.java:79)
	at com.rocketmq.broker.BrokerController.registerBrokerAll(BrokerController.java:149)
	at com.rocketmq.broker.BrokerController.start(BrokerController.java:169)
	at com.rocketmq.broker.BrokerStartup.start(BrokerStartup.java:35)
	at com.rocketmq.broker.BrokerStartup.main(BrokerStartup.java:30)
[ERROR] 2020-12-06 20:53:59,586(688) --> [main] com.rocketmq.remoting.netty.NettyRemotingClient.createChannel(NettyRemotingClient.java:308): createChannel: create channel exception  
java.lang.IllegalStateException: group not set
	at io.netty.bootstrap.AbstractBootstrap.validate(AbstractBootstrap.java:205)
	at io.netty.bootstrap.Bootstrap.validate(Bootstrap.java:271)
	at io.netty.bootstrap.Bootstrap.connect(Bootstrap.java:138)
	at com.rocketmq.remoting.netty.NettyRemotingClient.createChannel(NettyRemotingClient.java:300)
	at com.rocketmq.remoting.netty.NettyRemotingClient.getAndCreateChannel(NettyRemotingClient.java:219)
	at com.rocketmq.remoting.netty.NettyRemotingClient.invokeSync(NettyRemotingClient.java:140)
	at com.rocketmq.broker.out.BrokerOuterAPI.registerBroker(BrokerOuterAPI.java:129)
	at com.rocketmq.broker.out.BrokerOuterAPI.registerBrokerAll(BrokerOuterAPI.java:79)
	at com.rocketmq.broker.BrokerController.registerBrokerAll(BrokerController.java:149)
	at com.rocketmq.broker.BrokerController.start(BrokerController.java:169)
	at com.rocketmq.broker.BrokerStartup.start(BrokerStartup.java:35)
	at com.rocketmq.broker.BrokerStartup.main(BrokerStartup.java:30)
